0 info it worked if it ends with ok
1 verbose cli [ '/usr/bin/node', '/usr/bin/npm', 'install', '-g', 'forever' ]
2 info using npm@1.4.28
3 info using node@v0.10.40
4 verbose node symlink /usr/bin/node
5 verbose cache add [ 'forever', null ]
6 verbose cache add name=undefined spec="forever" args=["forever",null]
7 verbose parsed url { protocol: null,
7 verbose parsed url   slashes: null,
7 verbose parsed url   auth: null,
7 verbose parsed url   host: null,
7 verbose parsed url   port: null,
7 verbose parsed url   hostname: null,
7 verbose parsed url   hash: null,
7 verbose parsed url   search: null,
7 verbose parsed url   query: null,
7 verbose parsed url   pathname: 'forever',
7 verbose parsed url   path: 'forever',
7 verbose parsed url   href: 'forever' }
8 silly lockFile e07f8c4a-forever forever
9 verbose lock forever /home/nusrathk/.npm/e07f8c4a-forever.lock
10 silly lockFile e07f8c4a-forever forever
11 silly lockFile e07f8c4a-forever forever
12 verbose addNamed [ 'forever', '' ]
13 verbose addNamed [ null, '*' ]
14 silly lockFile 28ef027b-forever forever@
15 verbose lock forever@ /home/nusrathk/.npm/28ef027b-forever.lock
16 silly addNameRange { name: 'forever', range: '*', hasData: false }
17 verbose request where is /forever
18 verbose request registry https://registry.npmjs.org/
19 verbose request id 9aa08558b0b95008
20 verbose url raw /forever
21 verbose url resolving [ 'https://registry.npmjs.org/', './forever' ]
22 verbose url resolved https://registry.npmjs.org/forever
23 verbose request where is https://registry.npmjs.org/forever
24 info trying registry request attempt 1 at 04:26:26
25 http GET https://registry.npmjs.org/forever
26 http 200 https://registry.npmjs.org/forever
27 silly registry.get cb [ 200,
27 silly registry.get   { server: 'CouchDB/1.5.0 (Erlang OTP/R16B03)',
27 silly registry.get     etag: '"7ITRQPYBBPFWDEAM2XZTD6HB8"',
27 silly registry.get     'content-type': 'application/json',
27 silly registry.get     'cache-control': 'max-age=60',
27 silly registry.get     'content-length': '83082',
27 silly registry.get     'accept-ranges': 'bytes',
27 silly registry.get     date: 'Sun, 25 Oct 2015 02:26:25 GMT',
27 silly registry.get     via: '1.1 varnish',
27 silly registry.get     age: '0',
27 silly registry.get     connection: 'keep-alive',
27 silly registry.get     'x-served-by': 'cache-lcy1128-LCY',
27 silly registry.get     'x-cache': 'HIT',
27 silly registry.get     'x-cache-hits': '1',
27 silly registry.get     'x-timer': 'S1445739985.357283,VS0,VE353',
27 silly registry.get     vary: 'Accept' } ]
28 silly addNameRange number 2 { name: 'forever', range: '*', hasData: true }
29 silly addNameRange versions [ 'forever',
29 silly addNameRange   [ '0.6.0',
29 silly addNameRange     '0.6.1',
29 silly addNameRange     '0.6.2',
29 silly addNameRange     '0.6.3',
29 silly addNameRange     '0.6.4',
29 silly addNameRange     '0.6.5',
29 silly addNameRange     '0.6.6',
29 silly addNameRange     '0.6.7',
29 silly addNameRange     '0.6.8',
29 silly addNameRange     '0.6.9',
29 silly addNameRange     '0.7.0',
29 silly addNameRange     '0.7.1',
29 silly addNameRange     '0.7.2',
29 silly addNameRange     '0.7.3',
29 silly addNameRange     '0.7.4',
29 silly addNameRange     '0.7.5',
29 silly addNameRange     '0.8.0',
29 silly addNameRange     '0.8.1',
29 silly addNameRange     '0.8.2',
29 silly addNameRange     '0.8.3',
29 silly addNameRange     '0.8.4',
29 silly addNameRange     '0.8.5',
29 silly addNameRange     '0.9.0',
29 silly addNameRange     '0.9.1',
29 silly addNameRange     '0.9.2',
29 silly addNameRange     '0.10.0',
29 silly addNameRange     '0.10.5',
29 silly addNameRange     '0.10.6',
29 silly addNameRange     '0.10.7',
29 silly addNameRange     '0.10.8',
29 silly addNameRange     '0.10.9',
29 silly addNameRange     '0.10.10',
29 silly addNameRange     '0.10.11',
29 silly addNameRange     '0.11.0',
29 silly addNameRange     '0.11.1',
29 silly addNameRange     '0.12.0',
29 silly addNameRange     '0.13.0',
29 silly addNameRange     '0.14.1',
29 silly addNameRange     '0.14.2',
29 silly addNameRange     '0.15.0',
29 silly addNameRange     '0.15.1' ] ]
30 verbose addNamed [ 'forever', '0.15.1' ]
31 verbose addNamed [ '0.15.1', '0.15.1' ]
32 silly lockFile dc7fb2a6-forever-0-15-1 forever@0.15.1
33 verbose lock forever@0.15.1 /home/nusrathk/.npm/dc7fb2a6-forever-0-15-1.lock
34 silly lockFile abefcaba-s-org-forever-forever-0-15-1-tgz https://registry.npmjs.org/forever/-/forever-0.15.1.tgz
35 verbose lock https://registry.npmjs.org/forever/-/forever-0.15.1.tgz /home/nusrathk/.npm/abefcaba-s-org-forever-forever-0-15-1-tgz.lock
36 verbose addRemoteTarball [ 'https://registry.npmjs.org/forever/-/forever-0.15.1.tgz',
36 verbose addRemoteTarball   '5e4e3d4ef946bef88ddcb9cc7412e478ad19e04e' ]
37 info retry fetch attempt 1 at 04:26:27
38 verbose fetch to= /tmp/npm-16133-eNWBeTV3/registry.npmjs.org/forever/-/forever-0.15.1.tgz
39 http GET https://registry.npmjs.org/forever/-/forever-0.15.1.tgz
40 http 200 https://registry.npmjs.org/forever/-/forever-0.15.1.tgz
41 silly lockFile abefcaba-s-org-forever-forever-0-15-1-tgz https://registry.npmjs.org/forever/-/forever-0.15.1.tgz
42 silly lockFile abefcaba-s-org-forever-forever-0-15-1-tgz https://registry.npmjs.org/forever/-/forever-0.15.1.tgz
43 silly lockFile dc7fb2a6-forever-0-15-1 forever@0.15.1
44 silly lockFile dc7fb2a6-forever-0-15-1 forever@0.15.1
45 silly lockFile 28ef027b-forever forever@
46 silly lockFile 28ef027b-forever forever@
47 silly resolved [ { name: 'forever',
47 silly resolved     preferGlobal: 'true',
47 silly resolved     description: 'A simple CLI tool for ensuring that a given node script runs continuously (i.e. forever)',
47 silly resolved     version: '0.15.1',
47 silly resolved     author: { name: 'Charlie Robbins', email: 'charlie.robbins@gmail.com' },
47 silly resolved     maintainers: [ [Object], [Object], [Object], [Object], [Object] ],
47 silly resolved     repository: { type: 'git', url: 'http://github.com/nodejitsu/forever.git' },
47 silly resolved     keywords: [ 'cli', 'fault tolerant', 'sysadmin', 'tools' ],
47 silly resolved     dependencies:
47 silly resolved      { cliff: '~0.1.9',
47 silly resolved        clone: '^1.0.2',
47 silly resolved        colors: '~0.6.2',
47 silly resolved        flatiron: '~0.4.2',
47 silly resolved        'forever-monitor': '~1.6.0',
47 silly resolved        nconf: '~0.6.9',
47 silly resolved        nssocket: '~0.5.1',
47 silly resolved        'object-assign': '^3.0.0',
47 silly resolved        optimist: '~0.6.0',
47 silly resolved        'path-is-absolute': '~1.0.0',
47 silly resolved        prettyjson: '^1.1.2',
47 silly resolved        shush: '^1.0.0',
47 silly resolved        timespan: '~2.3.0',
47 silly resolved        utile: '~0.2.1',
47 silly resolved        winston: '~0.8.1' },
47 silly resolved     devDependencies:
47 silly resolved      { broadway: '~0.3.6',
47 silly resolved        eventemitter2: '0.4.x',
47 silly resolved        request: '2.x.x',
47 silly resolved        vows: '0.7.x' },
47 silly resolved     bin: { forever: './bin/forever' },
47 silly resolved     main: './lib/forever',
47 silly resolved     scripts: { test: 'vows test/**/*-test.js --spec -i' },
47 silly resolved     engines: { node: '>= 0.8.x' },
47 silly resolved     license: 'MIT',
47 silly resolved     gitHead: '6c157fafe909eb555b9e73028338377b05d51f51',
47 silly resolved     bugs: { url: 'https://github.com/nodejitsu/forever/issues' },
47 silly resolved     homepage: 'https://github.com/nodejitsu/forever',
47 silly resolved     _id: 'forever@0.15.1',
47 silly resolved     _shasum: '5e4e3d4ef946bef88ddcb9cc7412e478ad19e04e',
47 silly resolved     _from: 'forever@',
47 silly resolved     _npmVersion: '2.6.1',
47 silly resolved     _nodeVersion: '0.10.40',
47 silly resolved     _npmUser: { name: 'indexzero', email: 'charlie.robbins@gmail.com' },
47 silly resolved     dist:
47 silly resolved      { shasum: '5e4e3d4ef946bef88ddcb9cc7412e478ad19e04e',
47 silly resolved        tarball: 'http://registry.npmjs.org/forever/-/forever-0.15.1.tgz' },
47 silly resolved     directories: {},
47 silly resolved     _resolved: 'https://registry.npmjs.org/forever/-/forever-0.15.1.tgz' } ]
48 info install forever@0.15.1 into /usr/lib
49 info installOne forever@0.15.1
50 verbose lib/node_modules/forever unbuild
51 verbose tar unpack /home/nusrathk/.npm/forever/0.15.1/package.tgz
52 silly lockFile b3dddd35-tar-usr-lib-node-modules-forever tar:///usr/lib/node_modules/forever
53 verbose lock tar:///usr/lib/node_modules/forever /home/nusrathk/.npm/b3dddd35-tar-usr-lib-node-modules-forever.lock
54 silly lockFile df336b44-k-npm-forever-0-15-1-package-tgz tar:///home/nusrathk/.npm/forever/0.15.1/package.tgz
55 verbose lock tar:///home/nusrathk/.npm/forever/0.15.1/package.tgz /home/nusrathk/.npm/df336b44-k-npm-forever-0-15-1-package-tgz.lock
56 silly gunzTarPerm modes [ '775', '664' ]
57 error Error: EACCES, mkdir '/usr/lib/node_modules/forever'
57 error  { [Error: EACCES, mkdir '/usr/lib/node_modules/forever']
57 error   errno: 3,
57 error   code: 'EACCES',
57 error   path: '/usr/lib/node_modules/forever',
57 error   fstream_type: 'Directory',
57 error   fstream_path: '/usr/lib/node_modules/forever',
57 error   fstream_class: 'DirWriter',
57 error   fstream_stack:
57 error    [ '/usr/lib/node_modules/npm/node_modules/fstream/lib/dir-writer.js:36:23',
57 error      '/usr/lib/node_modules/npm/node_modules/mkdirp/index.js:46:53',
57 error      'Object.oncomplete (fs.js:108:15)' ] }
58 error Please try running this command again as root/Administrator.
59 error System Linux 3.19.0-25-generic
60 error command "/usr/bin/node" "/usr/bin/npm" "install" "-g" "forever"
61 error cwd /home/nusrathk/popcorn-api
62 error node -v v0.10.40
63 error npm -v 1.4.28
64 error path /usr/lib/node_modules/forever
65 error fstream_path /usr/lib/node_modules/forever
66 error fstream_type Directory
67 error fstream_class DirWriter
68 error code EACCES
69 error errno 3
70 error stack Error: EACCES, mkdir '/usr/lib/node_modules/forever'
71 error fstream_stack /usr/lib/node_modules/npm/node_modules/fstream/lib/dir-writer.js:36:23
71 error fstream_stack /usr/lib/node_modules/npm/node_modules/mkdirp/index.js:46:53
71 error fstream_stack Object.oncomplete (fs.js:108:15)
72 verbose exit [ 3, true ]
